<?xml version="1.0" encoding="utf-8"?>
<log version="1.0" tool="runtool">

<msg id="1" tool="runtool">
  <type>log-start</type>
  <arg>2024/08/15 21:25:02</arg>
</msg>
<msg id="2" tool="runtool">
  <type>bandwidth-measurement-starts</type>
</msg>
<msg id="3" tool="runtool">
  <type>bandwidth-measurement-done</type>
</msg>
<msg id="4" tool="runtool">
  <type>collector-starts</type>
</msg>
<msg id="5" tool="runtool">
  <type>marker-file</type>
  <arg>/home/user13/swapnil/OpenMpi/Project/serialAdvisor/e000/trc000/trc000.advixe</arg>
</msg>
<msg id="6" tool="trc">
  <type>PROCESS_START</type>
  <arg>/home/user13/swapnil/OpenMpi/Project/monte_carlo_barrier_option</arg>
  <arg>50015</arg>
  <severity>INFO</severity>
  <timestamp>Thu Aug 15 13:55:17 2024</timestamp>
</msg>
<msg id="7" tool="trc">
  <type>PROCESS_ANALYSIS_MODE</type>
  <arg>full</arg>
  <severity>INFO</severity>
  <timestamp>Thu Aug 15 13:55:17 2024</timestamp>
</msg>
<msg id="8" tool="trc">
  <type>LOAD_MODULE</type>
  <arg>/home/user13/swapnil/OpenMpi/Project/monte_carlo_barrier_option</arg>
  <arg>0x400000</arg>
  <arg>0x60107f</arg>
  <arg>yes</arg>
  <severity>INFO</severity>
  <timestamp>Thu Aug 15 13:55:17 2024</timestamp>
</msg>
<msg id="9" tool="trc">
  <type>LOAD_MODULE</type>
  <arg>/lib64/ld-linux-x86-64.so.2</arg>
  <arg>0x7f04bbe89000</arg>
  <arg>0x7f04bc0ac14f</arg>
  <arg>yes</arg>
  <severity>INFO</severity>
  <timestamp>Thu Aug 15 13:55:17 2024</timestamp>
</msg>
<msg id="10" tool="trc">
  <type>LOAD_MODULE</type>
  <arg>[vdso]</arg>
  <arg>0x7ffcec5e5000</arg>
  <arg>0x7ffcec5e5e6c</arg>
  <arg>no</arg>
  <severity>INFO</severity>
  <timestamp>Thu Aug 15 13:55:17 2024</timestamp>
</msg>
<msg id="11" tool="trc">
  <type>LOAD_MODULE</type>
  <arg>/lib64/libm.so.6</arg>
  <arg>0x7f04a5e4e000</arg>
  <arg>0x7f04a614f137</arg>
  <arg>yes</arg>
  <severity>INFO</severity>
  <timestamp>Thu Aug 15 13:55:17 2024</timestamp>
</msg>
<msg id="12" tool="trc">
  <type>LOAD_MODULE</type>
  <arg>/lib64/libc.so.6</arg>
  <arg>0x7f04a59ec000</arg>
  <arg>0x7f04a5db91ff</arg>
  <arg>yes</arg>
  <severity>INFO</severity>
  <timestamp>Thu Aug 15 13:55:17 2024</timestamp>
</msg>
<msg id="13" tool="trc">
  <type>UNLOAD_MODULE</type>
  <arg>/home/user13/swapnil/OpenMpi/Project/monte_carlo_barrier_option</arg>
  <severity>INFO</severity>
  <timestamp>Thu Aug 15 13:56:52 2024</timestamp>
</msg>
<msg id="14" tool="trc">
  <type>UNLOAD_MODULE</type>
  <arg>/lib64/ld-linux-x86-64.so.2</arg>
  <severity>INFO</severity>
  <timestamp>Thu Aug 15 13:56:52 2024</timestamp>
</msg>
<msg id="15" tool="trc">
  <type>UNLOAD_MODULE</type>
  <arg>[vdso]</arg>
  <severity>INFO</severity>
  <timestamp>Thu Aug 15 13:56:52 2024</timestamp>
</msg>
<msg id="16" tool="trc">
  <type>UNLOAD_MODULE</type>
  <arg>/lib64/libm.so.6</arg>
  <severity>INFO</severity>
  <timestamp>Thu Aug 15 13:56:52 2024</timestamp>
</msg>
<msg id="17" tool="trc">
  <type>UNLOAD_MODULE</type>
  <arg>/lib64/libc.so.6</arg>
  <severity>INFO</severity>
  <timestamp>Thu Aug 15 13:56:52 2024</timestamp>
</msg>
<msg id="18" tool="trc">
  <type>PROCESS_FINISH</type>
  <arg>/home/user13/swapnil/OpenMpi/Project/monte_carlo_barrier_option</arg>
  <arg>50015</arg>
  <arg>0x0</arg>
  <severity>INFO</severity>
  <timestamp>Thu Aug 15 13:56:52 2024</timestamp>
</msg>
<msg id="19" tool="runtool">
  <type>app-exit-code</type>
  <arg>0</arg>
</msg>
<msg id="20" tool="runtool">
  <type>marker-file</type>
  <arg>/home/user13/swapnil/OpenMpi/Project/serialAdvisor/e000/trc000/trc000.advixe</arg>
</msg>
<msg id="21" tool="runtool">
  <type>collector-done</type>
</msg>
<msg id="22" tool="runtool">
  <type>log-end</type>
  <arg>2024/08/15 21:26:56</arg>
</msg>

</log>

