10 [140520513177536] INFO perfrun.launcher <> - Launcher main begin
11 [140520513177536] INFO perfrun.launcher <> - MessageCatalogInit finished
11 [140520513177536] INFO perfrun.launcher <> - Launcher instance created
11 [140520513177536] INFO perfrun.launcher <> - argc = 7; cmdline = /opt/intel/oneapi/advisor/2023.0.0/bin64/advixe-runss --ui-output-format xml --ui-output-fd 9 --option-file /home/user13/swapnil/OpenMpi/Project/serialAdvisor/e000/hs000/config/runss.options 
82 [140520513177536] INFO perfrun.launcher <> - create msngr2::ICliToolContext
83 [140520513177536] INFO perfrun.launcher <> - create file finder object
83 [140520513177536] INFO perfrun.launcher <> - create a result directory: pattern = /home/user13/swapnil/OpenMpi/Project/serialAdvisor/e000/hs000 pid = 4294967295
85 [140520513177536] INFO perfrun.sdk <> - checked that the directory /home/user13/swapnil/OpenMpi/Project/serialAdvisor/e000/hs000 is a local directory
85 [140520513177536] INFO perfrun.sdk <> - the directory /home/user13/swapnil/OpenMpi/Project/serialAdvisor/e000/hs000 is a local directory with FS type ID 1481003842
85 [140520513177536] INFO perfrun.launcher <> - create data directory = /home/user13/swapnil/OpenMpi/Project/serialAdvisor/e000/hs000/data.0
85 [140520513177536] INFO perfrun.launcher <> - Creating the master collection flag
87 [140520513177536] INFO perfrun.launcher <> - Done creating the master collection flag
101 [140520388269824] INFO perfrun.launcher <> - plugin [remoteplug] was disabled because it doesn't support the given collection type.
102 [140520388269824] INFO perfrun.sdk <> - Allocating TMU :/home/user13/swapnil/OpenMpi/Project/serialAdvisor/e000/hs000/data.0/systemcollector-49396-shavak.sc
102 [140520388269824] INFO perfrun.launcher <> - plugin [] was disabled because it doesn't support the given collection type.
102 [140520388269824] INFO perfrun.launcher <> - plugin [gpu] was disabled because it doesn't support the given collection type.
102 [140520388269824] INFO perfrun.launcher <> - plugin [] was disabled because it doesn't support the given collection type.
102 [140520388269824] INFO perfrun.launcher <> - plugin [] was disabled because it doesn't support the given collection type.
102 [140520388269824] INFO perfrun.launcher <> - plugin [] was disabled because it doesn't support the given collection type.
102 [140520388269824] INFO perfrun.mrte <> - system-wide mode is 0
102 [140520388269824] INFO perfrun.mrte <> - Getting  mrte profiling environment ...
113 [140520388269824] INFO perfrun.mrte <> - INTEL_MRTE_DATA_DIR=/home/user13/swapnil/OpenMpi/Project/serialAdvisor/e000/hs000/data.0
113 [140520388269824] INFO perfrun.mrte <> - INTEL_MRTE_HOST_NAME=shavak
113 [140520388269824] INFO perfrun.mrte <> - JAVA_TOOL_OPTIONS=-agentlib:advixe_tpssmrte_javaprof_1.0 -Dsun.boot.library.path=/opt/intel/oneapi/advisor/2023.0.0/lib32/runtime:/opt/intel/oneapi/advisor/2023.0.0/lib64/runtime
113 [140520388269824] INFO perfrun.mrte <> - LD_LIBRARY_PATH=/opt/intel/oneapi/advisor/2023.0.0/lib32/runtime:/opt/intel/oneapi/advisor/2023.0.0/lib64/runtime:/home/apps/spack/opt/spack/linux-centos7-cascadelake/gcc-11.2.0/cuda-11.5.0-oxw5blb45zjhec53he4qhtifte3a5xhu/lib64:/home/apps/spack/opt/spack/linux-centos7-cascadelake/gcc-11.2.0/libxml2-2.9.12-kay3j2c6lwgtulz5lsosyvyv462cbzil/lib:/home/apps/spack/opt/spack/linux-centos7-cascadelake/gcc-11.2.0/zlib-1.2.11-2r3jtjxvltasn7jh64vhgfg6ikrckiy7/lib:/home/apps/spack/opt/spack/linux-centos7-cascadelake/gcc-11.2.0/xz-5.2.5-ah4yqsq3h4fyip47pjw4vvv4nu3xl7qa/lib:/home/apps/spack/opt/spack/linux-centos7-cascadelake/gcc-11.2.0/libiconv-1.16-mm6aw6xtwmip37hy5h6fikz4gg3mtl4n/lib:/home/apps/spack/opt/spack/linux-centos7-haswell/gcc-4.8.5/gcc-11.2.0-yqde46ks5t2vg2szmjvadwjv6uwmmytl/lib64:/home/apps/spack/opt/spack/linux-centos7-haswell/gcc-4.8.5/gcc-11.2.0-yqde46ks5t2vg2szmjvadwjv6uwmmytl/lib:/home/apps/spack/opt/spack/linux-centos7-haswell/gcc-4.8.5/zstd-1.5.0-wzyweqguutprsdz4y7qo463s6qems3cg/lib:/home/apps/spack/opt/spack/linux-centos7-haswell/gcc-4.8.5/zlib-1.2.11-z6uqlxnwffiyq73uq23w4fyzl5fu5tlk/lib:/home/apps/spack/opt/spack/linux-centos7-haswell/gcc-4.8.5/mpc-1.1.0-eefajary4vqmefc2k7bfctquy35g2ma6/lib:/home/apps/spack/opt/spack/linux-centos7-haswell/gcc-4.8.5/mpfr-4.1.0-pk35h7mmygjfypa6yedvbfhh4hejdjef/lib:/home/apps/spack/opt/spack/linux-centos7-haswell/gcc-4.8.5/gmp-6.2.1-vhuln5lwyeuvyfmgn3mexasvykopasw6/lib:/home/apps/spack/opt/spack/linux-centos7-cascadelake/gcc-11.2.0/cuda-11.5.0-oxw5blb45zjhec53he4qhtifte3a5xhu/lib64:/home/apps/spack/opt/spack/linux-centos7-cascadelake/gcc-11.2.0/libxml2-2.9.12-kay3j2c6lwgtulz5lsosyvyv462cbzil/lib:/home/apps/spack/opt/spack/linux-centos7-cascadelake/gcc-11.2.0/zlib-1.2.11-2r3jtjxvltasn7jh64vhgfg6ikrckiy7/lib:/home/apps/spack/opt/spack/linux-centos7-cascadelake/gcc-11.2.0/xz-5.2.5-ah4yqsq3h4fyip47pjw4vvv4nu3xl7qa/lib:/home/apps/spack/opt/spack/linux-centos7-cascadelake/gcc-11.2.0/libiconv-1.16-mm6aw6xtwmip37hy5h6fikz4gg3mtl4n/lib:/home/apps/spack/opt/spack/linux-centos7-haswell/gcc-4.8.5/gcc-11.2.0-yqde46ks5t2vg2szmjvadwjv6uwmmytl/lib64:/home/apps/spack/opt/spack/linux-centos7-haswell/gcc-4.8.5/gcc-11.2.0-yqde46ks5t2vg2szmjvadwjv6uwmmytl/lib:/home/apps/spack/opt/spack/linux-centos7-haswell/gcc-4.8.5/zstd-1.5.0-wzyweqguutprsdz4y7qo463s6qems3cg/lib:/home/apps/spack/opt/spack/linux-centos7-haswell/gcc-4.8.5/zlib-1.2.11-z6uqlxnwffiyq73uq23w4fyzl5fu5tlk/lib:/home/apps/spack/opt/spack/linux-centos7-haswell/gcc-4.8.5/mpc-1.1.0-eefajary4vqmefc2k7bfctquy35g2ma6/lib:/home/apps/spack/opt/spack/linux-centos7-haswell/gcc-4.8.5/mpfr-4.1.0-pk35h7mmygjfypa6yedvbfhh4hejdjef/lib:/home/apps/spack/opt/spack/linux-centos7-haswell/gcc-4.8.5/gmp-6.2.1-vhuln5lwyeuvyfmgn3mexasvykopasw6/lib:/home/apps/spack/opt/spack/linux-centos7-cascadelake/gcc-11.2.0/cuda-11.5.0-oxw5blb45zjhec53he4qhtifte3a5xhu/lib64:/home/apps/spack/opt/spack/linux-centos7-cascadelake/gcc-11.2.0/libxml2-2.9.12-kay3j2c6lwgtulz5lsosyvyv462cbzil/lib:/home/apps/spack/opt/spack/linux-centos7-cascadelake/gcc-11.2.0/zlib-1.2.11-2r3jtjxvltasn7jh64vhgfg6ikrckiy7/lib:/home/apps/spack/opt/spack/linux-centos7-cascadelake/gcc-11.2.0/xz-5.2.5-ah4yqsq3h4fyip47pjw4vvv4nu3xl7qa/lib:/home/apps/spack/opt/spack/linux-centos7-cascadelake/gcc-11.2.0/libiconv-1.16-mm6aw6xtwmip37hy5h6fikz4gg3mtl4n/lib:/home/apps/spack/opt/spack/linux-centos7-haswell/gcc-4.8.5/gcc-11.2.0-yqde46ks5t2vg2szmjvadwjv6uwmmytl/lib64:/home/apps/spack/opt/spack/linux-centos7-haswell/gcc-4.8.5/gcc-11.2.0-yqde46ks5t2vg2szmjvadwjv6uwmmytl/lib:/home/apps/spack/opt/spack/linux-centos7-haswell/gcc-4.8.5/zstd-1.5.0-wzyweqguutprsdz4y7qo463s6qems3cg/lib:/home/apps/spack/opt/spack/linux-centos7-haswell/gcc-4.8.5/zlib-1.2.11-z6uqlxnwffiyq73uq23w4fyzl5fu5tlk/lib:/home/apps/spack/opt/spack/linux-centos7-haswell/gcc-4.8.5/mpc-1.1.0-eefajary4vqmefc2k7bfctquy35g2ma6/lib:/home/apps/spack/opt/spack/linux-centos7-haswell/gcc-4.8.5/mpfr-4.1.0-pk35h7mmygjfypa6yedvbfhh4hejdjef/lib:/home/apps/spack/opt/spack/linux-centos7-haswell/gcc-4.8.5/gmp-6.2.1-vhuln5lwyeuvyfmgn3mexasvykopasw6/lib
113 [140520388269824] INFO perfrun.mrte <> - Data directory: /home/user13/swapnil/OpenMpi/Project/serialAdvisor/e000/hs000/data.0
113 [140520388269824] INFO perfrun.mrte <> - Mrte plugin is initialized
113 [140520388269824] INFO perfrun.launcher <> - plugin [] was disabled because it doesn't support the given collection type.
113 [140520388269824] INFO perfrun.launcher <> - plugin [] was disabled because it doesn't support the given collection type.
113 [140520388269824] INFO perfrun.launcher <> - plugin [] was disabled because it doesn't support the given collection type.
113 [140520388269824] INFO perfrun.launcher <> - plugin [] was disabled because it doesn't support the given collection type.
113 [140520388269824] INFO perfrun.launcher <> - plugin [] was disabled because it doesn't support the given collection type.
113 [140520388269824] INFO perfrun.launcher <> - plugin [] was disabled because it doesn't support the given collection type.
113 [140520388269824] INFO perfrun.launcher <> - plugin [] was disabled because it doesn't support the given collection type.
113 [140520388269824] INFO perfrun.tpss <> - initialize tpss controller
113 [140520388269824] INFO perfrun.tpss <> - configure collection mode: value = cpu:stack
113 [140520388269824] INFO perfrun.tpss <> - default obj-size-min=1024
113 [140520388269824] INFO perfrun.tpss <> - default hash-table-size=0
113 [140520388269824] INFO perfrun.launcher <> - plugin [] was disabled because it doesn't support the given collection type.
113 [140520388269824] INFO perfrun.launcher <> - plugin [] was disabled because it doesn't support the given collection type.
113 [140520388269824] INFO perfrun.launcher <> - plugin [] was disabled because it doesn't support the given collection type.
113 [140520388269824] INFO perfrun.launcher <> - plugin [] was disabled because it doesn't support the given collection type.
113 [140520388269824] INFO perfrun.launcher <> - plugin [] was disabled because it doesn't support the given collection type.
113 [140520388269824] INFO perfrun.launcher <> - plugin [] was disabled because it doesn't support the given collection type.
113 [140520388269824] INFO perfrun.launcher <> - plugin [] was disabled because it doesn't support the given collection type.
113 [140520388269824] INFO perfrun.launcher <> - plugin [] was disabled because it doesn't support the given collection type.
113 [140520388269824] INFO perfrun.launcher <> - plugin [] was disabled because it doesn't support the given collection type.
114 [140520513177536] INFO perfrun.launcher <> - set environment variable: LD_LIBRARY_PATH = /opt/intel/oneapi/advisor/2023.0.0/lib32/runtime:/opt/intel/oneapi/advisor/2023.0.0/lib64/runtime:/home/apps/spack/opt/spack/linux-centos7-cascadelake/gcc-11.2.0/cuda-11.5.0-oxw5blb45zjhec53he4qhtifte3a5xhu/lib64:/home/apps/spack/opt/spack/linux-centos7-cascadelake/gcc-11.2.0/libxml2-2.9.12-kay3j2c6lwgtulz5lsosyvyv462cbzil/lib:/home/apps/spack/opt/spack/linux-centos7-cascadelake/gcc-11.2.0/zlib-1.2.11-2r3jtjxvltasn7jh64vhgfg6ikrckiy7/lib:/home/apps/spack/opt/spack/linux-centos7-cascadelake/gcc-11.2.0/xz-5.2.5-ah4yqsq3h4fyip47pjw4vvv4nu3xl7qa/lib:/home/apps/spack/opt/spack/linux-centos7-cascadelake/gcc-11.2.0/libiconv-1.16-mm6aw6xtwmip37hy5h6fikz4gg3mtl4n/lib:/home/apps/spack/opt/spack/linux-centos7-haswell/gcc-4.8.5/gcc-11.2.0-yqde46ks5t2vg2szmjvadwjv6uwmmytl/lib64:/home/apps/spack/opt/spack/linux-centos7-haswell/gcc-4.8.5/gcc-11.2.0-yqde46ks5t2vg2szmjvadwjv6uwmmytl/lib:/home/apps/spack/opt/spack/linux-centos7-haswell/gcc-4.8.5/zstd-1.5.0-wzyweqguutprsdz4y7qo463s6qems3cg/lib:/home/apps/spack/opt/spack/linux-centos7-haswell/gcc-4.8.5/zlib-1.2.11-z6uqlxnwffiyq73uq23w4fyzl5fu5tlk/lib:/home/apps/spack/opt/spack/linux-centos7-haswell/gcc-4.8.5/mpc-1.1.0-eefajary4vqmefc2k7bfctquy35g2ma6/lib:/home/apps/spack/opt/spack/linux-centos7-haswell/gcc-4.8.5/mpfr-4.1.0-pk35h7mmygjfypa6yedvbfhh4hejdjef/lib:/home/apps/spack/opt/spack/linux-centos7-haswell/gcc-4.8.5/gmp-6.2.1-vhuln5lwyeuvyfmgn3mexasvykopasw6/lib:/home/apps/spack/opt/spack/linux-centos7-cascadelake/gcc-11.2.0/cuda-11.5.0-oxw5blb45zjhec53he4qhtifte3a5xhu/lib64:/home/apps/spack/opt/spack/linux-centos7-cascadelake/gcc-11.2.0/libxml2-2.9.12-kay3j2c6lwgtulz5lsosyvyv462cbzil/lib:/home/apps/spack/opt/spack/linux-centos7-cascadelake/gcc-11.2.0/zlib-1.2.11-2r3jtjxvltasn7jh64vhgfg6ikrckiy7/lib:/home/apps/spack/opt/spack/linux-centos7-cascadelake/gcc-11.2.0/xz-5.2.5-ah4yqsq3h4fyip47pjw4vvv4nu3xl7qa/lib:/home/apps/spack/opt/spack/linux-centos7-cascadelake/gcc-11.2.0/libiconv-1.16-mm6aw6xtwmip37hy5h6fikz4gg3mtl4n/lib:/home/apps/spack/opt/spack/linux-centos7-haswell/gcc-4.8.5/gcc-11.2.0-yqde46ks5t2vg2szmjvadwjv6uwmmytl/lib64:/home/apps/spack/opt/spack/linux-centos7-haswell/gcc-4.8.5/gcc-11.2.0-yqde46ks5t2vg2szmjvadwjv6uwmmytl/lib:/home/apps/spack/opt/spack/linux-centos7-haswell/gcc-4.8.5/zstd-1.5.0-wzyweqguutprsdz4y7qo463s6qems3cg/lib:/home/apps/spack/opt/spack/linux-centos7-haswell/gcc-4.8.5/zlib-1.2.11-z6uqlxnwffiyq73uq23w4fyzl5fu5tlk/lib:/home/apps/spack/opt/spack/linux-centos7-haswell/gcc-4.8.5/mpc-1.1.0-eefajary4vqmefc2k7bfctquy35g2ma6/lib:/home/apps/spack/opt/spack/linux-centos7-haswell/gcc-4.8.5/mpfr-4.1.0-pk35h7mmygjfypa6yedvbfhh4hejdjef/lib:/home/apps/spack/opt/spack/linux-centos7-haswell/gcc-4.8.5/gmp-6.2.1-vhuln5lwyeuvyfmgn3mexasvykopasw6/lib:/home/apps/spack/opt/spack/linux-centos7-cascadelake/gcc-11.2.0/cuda-11.5.0-oxw5blb45zjhec53he4qhtifte3a5xhu/lib64:/home/apps/spack/opt/spack/linux-centos7-cascadelake/gcc-11.2.0/libxml2-2.9.12-kay3j2c6lwgtulz5lsosyvyv462cbzil/lib:/home/apps/spack/opt/spack/linux-centos7-cascadelake/gcc-11.2.0/zlib-1.2.11-2r3jtjxvltasn7jh64vhgfg6ikrckiy7/lib:/home/apps/spack/opt/spack/linux-centos7-cascadelake/gcc-11.2.0/xz-5.2.5-ah4yqsq3h4fyip47pjw4vvv4nu3xl7qa/lib:/home/apps/spack/opt/spack/linux-centos7-cascadelake/gcc-11.2.0/libiconv-1.16-mm6aw6xtwmip37hy5h6fikz4gg3mtl4n/lib:/home/apps/spack/opt/spack/linux-centos7-haswell/gcc-4.8.5/gcc-11.2.0-yqde46ks5t2vg2szmjvadwjv6uwmmytl/lib64:/home/apps/spack/opt/spack/linux-centos7-haswell/gcc-4.8.5/gcc-11.2.0-yqde46ks5t2vg2szmjvadwjv6uwmmytl/lib:/home/apps/spack/opt/spack/linux-centos7-haswell/gcc-4.8.5/zstd-1.5.0-wzyweqguutprsdz4y7qo463s6qems3cg/lib:/home/apps/spack/opt/spack/linux-centos7-haswell/gcc-4.8.5/zlib-1.2.11-z6uqlxnwffiyq73uq23w4fyzl5fu5tlk/lib:/home/apps/spack/opt/spack/linux-centos7-haswell/gcc-4.8.5/mpc-1.1.0-eefajary4vqmefc2k7bfctquy35g2ma6/lib:/home/apps/spack/opt/spack/linux-centos7-haswell/gcc-4.8.5/mpfr-4.1.0-pk35h7mmygjfypa6yedvbfhh4hejdjef/lib:/home/apps/spack/opt/spack/linux-centos7-haswell/gcc-4.8.5/gmp-6.2.1-vhuln5lwyeuvyfmgn3mexasvykopasw6/lib
114 [140520513177536] INFO perfrun.launcher <> - set environment variable: INTEL_LIBITTNOTIFY32 = /opt/intel/oneapi/advisor/2023.0.0/lib32/runtime/libittnotify_collector.so
114 [140520513177536] INFO perfrun.launcher <> - set environment variable: INTEL_LIBITTNOTIFY64 = /opt/intel/oneapi/advisor/2023.0.0/lib64/runtime/libittnotify_collector.so
114 [140520513177536] INFO perfrun.launcher <> - set environment variable: INTEL_ITTNOTIFY_GROUPS = 
114 [140520513177536] INFO perfrun.launcher <> - set environment variable: INTEL_JIT_PROFILER32 = /opt/intel/oneapi/advisor/2023.0.0/lib32/runtime/libittnotify_collector.so
114 [140520513177536] INFO perfrun.launcher <> - set environment variable: INTEL_JIT_PROFILER64 = /opt/intel/oneapi/advisor/2023.0.0/lib64/runtime/libittnotify_collector.so
114 [140520513177536] INFO perfrun.launcher <> - set environment variable: OMP_TOOL_LIBRARIES = /opt/intel/oneapi/advisor/2023.0.0/lib32/runtime/libittnotify_collector.so:/opt/intel/oneapi/advisor/2023.0.0/lib64/runtime/libittnotify_collector.so
114 [140520513177536] INFO perfrun.launcher <> - set environment variable: ENABLE_JITPROFILING = 1
114 [140520513177536] INFO perfrun.launcher <> - set environment variable: CL_CONFIG_USE_VTUNE = True
114 [140520513177536] INFO perfrun.launcher <> - set environment variable: KMP_FORKJOIN_FRAMES = 0
114 [140520513177536] INFO perfrun.launcher <> - set environment variable: KMP_FORKJOIN_FRAMES_MODE = 0
114 [140520513177536] INFO perfrun.launcher <> - set environment variable: OMP_TOOL = disabled
114 [140520513177536] INFO perfrun.launcher <> - set environment variable: INTEL_MRTE_DATA_DIR = /home/user13/swapnil/OpenMpi/Project/serialAdvisor/e000/hs000/data.0
115 [140520513177536] INFO perfrun.launcher <> - set environment variable: INTEL_MRTE_HOST_NAME = shavak
115 [140520513177536] INFO perfrun.launcher <> - set environment variable: JAVA_TOOL_OPTIONS = -agentlib:advixe_tpssmrte_javaprof_1.0 -Dsun.boot.library.path=/opt/intel/oneapi/advisor/2023.0.0/lib32/runtime:/opt/intel/oneapi/advisor/2023.0.0/lib64/runtime
115 [140520513177536] INFO perfrun.launcher <> - set environment variable: LD_LIBRARY_PATH = /opt/intel/oneapi/advisor/2023.0.0/lib32/runtime:/opt/intel/oneapi/advisor/2023.0.0/lib64/runtime:/home/apps/spack/opt/spack/linux-centos7-cascadelake/gcc-11.2.0/cuda-11.5.0-oxw5blb45zjhec53he4qhtifte3a5xhu/lib64:/home/apps/spack/opt/spack/linux-centos7-cascadelake/gcc-11.2.0/libxml2-2.9.12-kay3j2c6lwgtulz5lsosyvyv462cbzil/lib:/home/apps/spack/opt/spack/linux-centos7-cascadelake/gcc-11.2.0/zlib-1.2.11-2r3jtjxvltasn7jh64vhgfg6ikrckiy7/lib:/home/apps/spack/opt/spack/linux-centos7-cascadelake/gcc-11.2.0/xz-5.2.5-ah4yqsq3h4fyip47pjw4vvv4nu3xl7qa/lib:/home/apps/spack/opt/spack/linux-centos7-cascadelake/gcc-11.2.0/libiconv-1.16-mm6aw6xtwmip37hy5h6fikz4gg3mtl4n/lib:/home/apps/spack/opt/spack/linux-centos7-haswell/gcc-4.8.5/gcc-11.2.0-yqde46ks5t2vg2szmjvadwjv6uwmmytl/lib64:/home/apps/spack/opt/spack/linux-centos7-haswell/gcc-4.8.5/gcc-11.2.0-yqde46ks5t2vg2szmjvadwjv6uwmmytl/lib:/home/apps/spack/opt/spack/linux-centos7-haswell/gcc-4.8.5/zstd-1.5.0-wzyweqguutprsdz4y7qo463s6qems3cg/lib:/home/apps/spack/opt/spack/linux-centos7-haswell/gcc-4.8.5/zlib-1.2.11-z6uqlxnwffiyq73uq23w4fyzl5fu5tlk/lib:/home/apps/spack/opt/spack/linux-centos7-haswell/gcc-4.8.5/mpc-1.1.0-eefajary4vqmefc2k7bfctquy35g2ma6/lib:/home/apps/spack/opt/spack/linux-centos7-haswell/gcc-4.8.5/mpfr-4.1.0-pk35h7mmygjfypa6yedvbfhh4hejdjef/lib:/home/apps/spack/opt/spack/linux-centos7-haswell/gcc-4.8.5/gmp-6.2.1-vhuln5lwyeuvyfmgn3mexasvykopasw6/lib:/home/apps/spack/opt/spack/linux-centos7-cascadelake/gcc-11.2.0/cuda-11.5.0-oxw5blb45zjhec53he4qhtifte3a5xhu/lib64:/home/apps/spack/opt/spack/linux-centos7-cascadelake/gcc-11.2.0/libxml2-2.9.12-kay3j2c6lwgtulz5lsosyvyv462cbzil/lib:/home/apps/spack/opt/spack/linux-centos7-cascadelake/gcc-11.2.0/zlib-1.2.11-2r3jtjxvltasn7jh64vhgfg6ikrckiy7/lib:/home/apps/spack/opt/spack/linux-centos7-cascadelake/gcc-11.2.0/xz-5.2.5-ah4yqsq3h4fyip47pjw4vvv4nu3xl7qa/lib:/home/apps/spack/opt/spack/linux-centos7-cascadelake/gcc-11.2.0/libiconv-1.16-mm6aw6xtwmip37hy5h6fikz4gg3mtl4n/lib:/home/apps/spack/opt/spack/linux-centos7-haswell/gcc-4.8.5/gcc-11.2.0-yqde46ks5t2vg2szmjvadwjv6uwmmytl/lib64:/home/apps/spack/opt/spack/linux-centos7-haswell/gcc-4.8.5/gcc-11.2.0-yqde46ks5t2vg2szmjvadwjv6uwmmytl/lib:/home/apps/spack/opt/spack/linux-centos7-haswell/gcc-4.8.5/zstd-1.5.0-wzyweqguutprsdz4y7qo463s6qems3cg/lib:/home/apps/spack/opt/spack/linux-centos7-haswell/gcc-4.8.5/zlib-1.2.11-z6uqlxnwffiyq73uq23w4fyzl5fu5tlk/lib:/home/apps/spack/opt/spack/linux-centos7-haswell/gcc-4.8.5/mpc-1.1.0-eefajary4vqmefc2k7bfctquy35g2ma6/lib:/home/apps/spack/opt/spack/linux-centos7-haswell/gcc-4.8.5/mpfr-4.1.0-pk35h7mmygjfypa6yedvbfhh4hejdjef/lib:/home/apps/spack/opt/spack/linux-centos7-haswell/gcc-4.8.5/gmp-6.2.1-vhuln5lwyeuvyfmgn3mexasvykopasw6/lib:/home/apps/spack/opt/spack/linux-centos7-cascadelake/gcc-11.2.0/cuda-11.5.0-oxw5blb45zjhec53he4qhtifte3a5xhu/lib64:/home/apps/spack/opt/spack/linux-centos7-cascadelake/gcc-11.2.0/libxml2-2.9.12-kay3j2c6lwgtulz5lsosyvyv462cbzil/lib:/home/apps/spack/opt/spack/linux-centos7-cascadelake/gcc-11.2.0/zlib-1.2.11-2r3jtjxvltasn7jh64vhgfg6ikrckiy7/lib:/home/apps/spack/opt/spack/linux-centos7-cascadelake/gcc-11.2.0/xz-5.2.5-ah4yqsq3h4fyip47pjw4vvv4nu3xl7qa/lib:/home/apps/spack/opt/spack/linux-centos7-cascadelake/gcc-11.2.0/libiconv-1.16-mm6aw6xtwmip37hy5h6fikz4gg3mtl4n/lib:/home/apps/spack/opt/spack/linux-centos7-haswell/gcc-4.8.5/gcc-11.2.0-yqde46ks5t2vg2szmjvadwjv6uwmmytl/lib64:/home/apps/spack/opt/spack/linux-centos7-haswell/gcc-4.8.5/gcc-11.2.0-yqde46ks5t2vg2szmjvadwjv6uwmmytl/lib:/home/apps/spack/opt/spack/linux-centos7-haswell/gcc-4.8.5/zstd-1.5.0-wzyweqguutprsdz4y7qo463s6qems3cg/lib:/home/apps/spack/opt/spack/linux-centos7-haswell/gcc-4.8.5/zlib-1.2.11-z6uqlxnwffiyq73uq23w4fyzl5fu5tlk/lib:/home/apps/spack/opt/spack/linux-centos7-haswell/gcc-4.8.5/mpc-1.1.0-eefajary4vqmefc2k7bfctquy35g2ma6/lib:/home/apps/spack/opt/spack/linux-centos7-haswell/gcc-4.8.5/mpfr-4.1.0-pk35h7mmygjfypa6yedvbfhh4hejdjef/lib:/home/apps/spack/opt/spack/linux-centos7-haswell/gcc-4.8.5/gmp-6.2.1-vhuln5lwyeuvyfmgn3mexasvykopasw6/lib
115 [140520513177536] INFO perfrun.launcher <> - RpcServer: run RPC server to handle requests
115 [140520513177536] INFO perfrun.launcher <> - Launcher: command line to start before modification = /home/user13/swapnil/OpenMpi/Project/monte_carlo_barrier_option
115 [140520513177536] INFO perfrun.launcher <> - Launcher: command line to start after modification = /opt/intel/oneapi/advisor/2023.0.0/bin64/pin -error_file /home/user13/swapnil/OpenMpi/Project/serialAdvisor/e000/hs000/data.0/pinerr.tpsslog -detach_reattach -follow_execv -tool_load_option deepbind -t64 /opt/intel/oneapi/advisor/2023.0.0/lib64/libtpsstool.so -t /opt/intel/oneapi/advisor/2023.0.0/lib32/libtpsstool.so -server_name tpss_ipc.49396 -prd_dir /opt/intel/oneapi/advisor/2023.0.0 -- /home/user13/swapnil/OpenMpi/Project/monte_carlo_barrier_option
116 [140520513177536] INFO perfrun.launcher <> - ProcessCreator object was created
117 [140520513177536] INFO perfrun.launcher <> - Launcher: the process was started in suspend mode
131 [140520388269824] WARN perfrun.system <> - Could not do anything with /sys/kernel/debug/kvm: boost::filesystem::status: Permission denied: "/sys/kernel/debug/kvm", at file: vcs/perfrun1/plugins/system/src/trace_writer.cpp:787
140 [140520388269824] WARN perfrun.sdk <> - SEP tool is not available, at file: vcs/perfrun1/plugins/pluginsdk/src/device_mapper.cpp:590
140 [140520388269824] WARN perfrun.sdk <> - SEP driver is not available, at file: vcs/perfrun1/plugins/pluginsdk/src/device_mapper.cpp:745
140 [140520388269824] WARN perfrun.sdk <> - amplxe-perf tool is not available, at file: vcs/perfrun1/plugins/pluginsdk/src/device_mapper.cpp:606
140 [140520388269824] WARN perfrun.sdk <> - Device mapping through perf is not available on current kernel, at file: vcs/perfrun1/plugins/pluginsdk/src/device_mapper.cpp:943
144 [140520388269824] WARN perfrun.sdk <> - SEP tool is not available, at file: vcs/perfrun1/plugins/pluginsdk/src/device_mapper.cpp:590
144 [140520388269824] WARN perfrun.sdk <> - SEP driver is not available, at file: vcs/perfrun1/plugins/pluginsdk/src/device_mapper.cpp:745
144 [140520388269824] WARN perfrun.sdk <> - Failed to find xl binary on any of the system paths: /bin, /sbin, /usr/bin, /usr/sbin., at file: vcs/perfrun1/sdk/src/utils.cpp:204
148 [140520388269824] INFO perfrun.vdso <> - Helper runtool '/opt/intel/oneapi/advisor/2023.0.0/bin32/advixe-runss -dump-vdso -r /home/user13/swapnil/OpenMpi/Project/serialAdvisor/e000/hs000 --tmp-dir /tmp/advixe-tmp-user13' returned 1
328 [140520388269824] INFO perfrun.vdso <> - Helper runtool '/opt/intel/oneapi/advisor/2023.0.0/bin64/advixe-runss -dump-vdso -r /home/user13/swapnil/OpenMpi/Project/serialAdvisor/e000/hs000 --tmp-dir /tmp/advixe-tmp-user13' returned 0
328 [140520388269824] INFO perfrun.itt <> - start itt controller for pid #49401
329 [140520388269824] INFO perfrun.tpss <> - start tpss controller for pid #49401
380 [140520513177536] INFO perfrun.launcher <> - Launcher: all plugins were started
380 [140520513177536] INFO perfrun.launcher <> - DirectoryMonitor object was created
380 [140520513177536] INFO perfrun.launcher <> - DirectoryMonitor: a callback was added
380 [140520513177536] INFO perfrun.launcher <> - DirectoryMonitor was started with pingTime = 1000
380 [140520513177536] INFO perfrun.launcher <> - DeadlineTimer is going to be constructed
380 [140520513177536] INFO perfrun.launcher <> - DeadlineTimer: a callback was added
384 [140520513177536] INFO perfrun.launcher <> - Launcher: resume the profiled application and  wait its termination or stop command
7370 [140520513177536] INFO perfrun.launcher <> - Launcher: the profiled application was terminated  with exit code = 0
7381 [140520388269824] INFO perfrun.itt <> - detach itt controller
7381 [140520388269824] INFO perfrun.itt <> - detach itt controller done
7381 [140520388269824] INFO perfrun.tpss <> - stop tpss controller
7382 [140520388269824] INFO perfrun.sdk <> - De-allocating TMU: /home/user13/swapnil/OpenMpi/Project/serialAdvisor/e000/hs000/data.0/systemcollector-49396-shavak.sc
7382 [140520388269824] INFO perfrun.system <> - closed the system trace file: /home/user13/swapnil/OpenMpi/Project/serialAdvisor/e000/hs000/data.0/systemcollector-49396-shavak.sc
7382 [140520513177536] INFO perfrun.launcher <> - Launcher: all plugins were stopped.
7382 [140520513177536] INFO perfrun.launcher <> - DeadlineTimer is going to be destroyed
7382 [140520513177536] INFO perfrun.launcher <> - DeadlineTimer was destroyed
7382 [140520513177536] INFO perfrun.launcher <> - DirectoryMonitor object was destroyed
7382 [140520513177536] WARN perfrun.launcher <> - Stop command is ignored because it is received when collection is already stopped, at file: vcs/perfrun1/launcher/src/command_handler.cpp:226
7383 [140520513177536] INFO perfrun.launcher <> - Application exit code: 0
7383 [140520513177536] INFO perfrun.launcher <> - Exit code: 0
