11 [140124792715200] INFO perfrun.launcher <> - Launcher main begin
12 [140124792715200] INFO perfrun.launcher <> - MessageCatalogInit finished
12 [140124792715200] INFO perfrun.launcher <> - Launcher instance created
12 [140124792715200] INFO perfrun.launcher <> - argc = 6; cmdline = /opt/intel/oneapi/advisor/2023.0.0/bin64/advixe-runss -dump-vdso -r /home/user13/swapnil/OpenMpi/Project/serialAdvisor/e000/hs000 --tmp-dir /tmp/advixe-tmp-user13 
84 [140124792715200] INFO perfrun.launcher <> - create msngr2::ICliToolContext
85 [140124792715200] INFO perfrun.launcher <> - create file finder object
99 [140124667807488] INFO perfrun.launcher <> - plugin [remoteplug] was disabled because it doesn't support the given collection type.
99 [140124667807488] INFO perfrun.launcher <> - plugin [system] was disabled because it doesn't support the given collection type.
99 [140124667807488] INFO perfrun.vdso <> - dumping [vdso] pseudomodule
139 [140124667807488] INFO perfrun.launcher <> - plugin [itt] was disabled because it doesn't support the given collection type.
139 [140124667807488] INFO perfrun.launcher <> - plugin [] was disabled because it doesn't support the given collection type.
139 [140124667807488] INFO perfrun.launcher <> - plugin [gpu] was disabled because it doesn't support the given collection type.
139 [140124667807488] INFO perfrun.launcher <> - plugin [] was disabled because it doesn't support the given collection type.
139 [140124667807488] INFO perfrun.launcher <> - plugin [] was disabled because it doesn't support the given collection type.
139 [140124667807488] INFO perfrun.launcher <> - plugin [] was disabled because it doesn't support the given collection type.
139 [140124667807488] INFO perfrun.launcher <> - plugin [mrte] was disabled because it doesn't support the given collection type.
139 [140124667807488] INFO perfrun.launcher <> - plugin [] was disabled because it doesn't support the given collection type.
140 [140124667807488] INFO perfrun.launcher <> - plugin [] was disabled because it doesn't support the given collection type.
140 [140124667807488] INFO perfrun.launcher <> - plugin [] was disabled because it doesn't support the given collection type.
140 [140124667807488] INFO perfrun.launcher <> - plugin [] was disabled because it doesn't support the given collection type.
140 [140124667807488] INFO perfrun.launcher <> - plugin [] was disabled because it doesn't support the given collection type.
140 [140124667807488] INFO perfrun.launcher <> - plugin [] was disabled because it doesn't support the given collection type.
140 [140124667807488] INFO perfrun.launcher <> - plugin [] was disabled because it doesn't support the given collection type.
140 [140124667807488] INFO perfrun.launcher <> - plugin [tpss] was disabled because it doesn't support the given collection type.
140 [140124667807488] INFO perfrun.launcher <> - plugin [] was disabled because it doesn't support the given collection type.
140 [140124667807488] INFO perfrun.launcher <> - plugin [] was disabled because it doesn't support the given collection type.
140 [140124667807488] INFO perfrun.launcher <> - plugin [] was disabled because it doesn't support the given collection type.
140 [140124667807488] INFO perfrun.launcher <> - plugin [] was disabled because it doesn't support the given collection type.
140 [140124667807488] INFO perfrun.launcher <> - plugin [] was disabled because it doesn't support the given collection type.
140 [140124667807488] INFO perfrun.launcher <> - plugin [] was disabled because it doesn't support the given collection type.
140 [140124667807488] INFO perfrun.launcher <> - plugin [] was disabled because it doesn't support the given collection type.
140 [140124667807488] INFO perfrun.launcher <> - plugin [] was disabled because it doesn't support the given collection type.
140 [140124667807488] INFO perfrun.launcher <> - plugin [] was disabled because it doesn't support the given collection type.
140 [140124792715200] INFO perfrun.launcher <> - Application exit code: 0
140 [140124792715200] INFO perfrun.launcher <> - Exit code: 0
