11 [139951820126144] INFO perfrun.launcher <> - Launcher main begin
12 [139951820126144] INFO perfrun.launcher <> - MessageCatalogInit finished
12 [139951820126144] INFO perfrun.launcher <> - Launcher instance created
12 [139951820126144] INFO perfrun.launcher <> - argc = 7; cmdline = /opt/intel/oneapi/advisor/2023.0.0/bin64/advixe-runss --ui-output-format xml --ui-output-fd 9 --option-file /home/user13/swapnil/OpenMpi/Project/openaccAdvisor/e000/hs000/config/runss.options 
84 [139951820126144] INFO perfrun.launcher <> - create msngr2::ICliToolContext
85 [139951820126144] INFO perfrun.launcher <> - create file finder object
85 [139951820126144] INFO perfrun.launcher <> - create a result directory: pattern = /home/user13/swapnil/OpenMpi/Project/openaccAdvisor/e000/hs000 pid = 4294967295
87 [139951820126144] INFO perfrun.sdk <> - checked that the directory /home/user13/swapnil/OpenMpi/Project/openaccAdvisor/e000/hs000 is a local directory
87 [139951820126144] INFO perfrun.sdk <> - the directory /home/user13/swapnil/OpenMpi/Project/openaccAdvisor/e000/hs000 is a local directory with FS type ID 1481003842
87 [139951820126144] INFO perfrun.launcher <> - create data directory = /home/user13/swapnil/OpenMpi/Project/openaccAdvisor/e000/hs000/data.0
87 [139951820126144] INFO perfrun.launcher <> - Creating the master collection flag
122 [139951820126144] INFO perfrun.launcher <> - Done creating the master collection flag
136 [139951695218432] INFO perfrun.launcher <> - plugin [remoteplug] was disabled because it doesn't support the given collection type.
137 [139951695218432] INFO perfrun.sdk <> - Allocating TMU :/home/user13/swapnil/OpenMpi/Project/openaccAdvisor/e000/hs000/data.0/systemcollector-118337-shavak.sc
137 [139951695218432] INFO perfrun.launcher <> - plugin [] was disabled because it doesn't support the given collection type.
137 [139951695218432] INFO perfrun.launcher <> - plugin [gpu] was disabled because it doesn't support the given collection type.
137 [139951695218432] INFO perfrun.launcher <> - plugin [] was disabled because it doesn't support the given collection type.
137 [139951695218432] INFO perfrun.launcher <> - plugin [] was disabled because it doesn't support the given collection type.
137 [139951695218432] INFO perfrun.launcher <> - plugin [] was disabled because it doesn't support the given collection type.
137 [139951695218432] INFO perfrun.mrte <> - system-wide mode is 0
137 [139951695218432] INFO perfrun.mrte <> - Getting  mrte profiling environment ...
149 [139951695218432] INFO perfrun.mrte <> - INTEL_MRTE_DATA_DIR=/home/user13/swapnil/OpenMpi/Project/openaccAdvisor/e000/hs000/data.0
149 [139951695218432] INFO perfrun.mrte <> - INTEL_MRTE_HOST_NAME=shavak
149 [139951695218432] INFO perfrun.mrte <> - JAVA_TOOL_OPTIONS=-agentlib:advixe_tpssmrte_javaprof_1.0 -Dsun.boot.library.path=/opt/intel/oneapi/advisor/2023.0.0/lib32/runtime:/opt/intel/oneapi/advisor/2023.0.0/lib64/runtime
149 [139951695218432] INFO perfrun.mrte <> - LD_LIBRARY_PATH=/opt/intel/oneapi/advisor/2023.0.0/lib32/runtime:/opt/intel/oneapi/advisor/2023.0.0/lib64/runtime:/home/apps/spack/opt/spack/linux-centos7-cascadelake/gcc-11.2.0/cuda-11.5.0-oxw5blb45zjhec53he4qhtifte3a5xhu/lib64:/home/apps/spack/opt/spack/linux-centos7-cascadelake/gcc-11.2.0/libxml2-2.9.12-kay3j2c6lwgtulz5lsosyvyv462cbzil/lib:/home/apps/spack/opt/spack/linux-centos7-cascadelake/gcc-11.2.0/zlib-1.2.11-2r3jtjxvltasn7jh64vhgfg6ikrckiy7/lib:/home/apps/spack/opt/spack/linux-centos7-cascadelake/gcc-11.2.0/xz-5.2.5-ah4yqsq3h4fyip47pjw4vvv4nu3xl7qa/lib:/home/apps/spack/opt/spack/linux-centos7-cascadelake/gcc-11.2.0/libiconv-1.16-mm6aw6xtwmip37hy5h6fikz4gg3mtl4n/lib:/home/apps/spack/opt/spack/linux-centos7-haswell/gcc-4.8.5/gcc-11.2.0-yqde46ks5t2vg2szmjvadwjv6uwmmytl/lib64:/home/apps/spack/opt/spack/linux-centos7-haswell/gcc-4.8.5/gcc-11.2.0-yqde46ks5t2vg2szmjvadwjv6uwmmytl/lib:/home/apps/spack/opt/spack/linux-centos7-haswell/gcc-4.8.5/zstd-1.5.0-wzyweqguutprsdz4y7qo463s6qems3cg/lib:/home/apps/spack/opt/spack/linux-centos7-haswell/gcc-4.8.5/zlib-1.2.11-z6uqlxnwffiyq73uq23w4fyzl5fu5tlk/lib:/home/apps/spack/opt/spack/linux-centos7-haswell/gcc-4.8.5/mpc-1.1.0-eefajary4vqmefc2k7bfctquy35g2ma6/lib:/home/apps/spack/opt/spack/linux-centos7-haswell/gcc-4.8.5/mpfr-4.1.0-pk35h7mmygjfypa6yedvbfhh4hejdjef/lib:/home/apps/spack/opt/spack/linux-centos7-haswell/gcc-4.8.5/gmp-6.2.1-vhuln5lwyeuvyfmgn3mexasvykopasw6/lib:/home/apps/spack/opt/spack/linux-centos7-cascadelake/gcc-11.2.0/cuda-11.5.0-oxw5blb45zjhec53he4qhtifte3a5xhu/lib64:/home/apps/spack/opt/spack/linux-centos7-cascadelake/gcc-11.2.0/libxml2-2.9.12-kay3j2c6lwgtulz5lsosyvyv462cbzil/lib:/home/apps/spack/opt/spack/linux-centos7-cascadelake/gcc-11.2.0/zlib-1.2.11-2r3jtjxvltasn7jh64vhgfg6ikrckiy7/lib:/home/apps/spack/opt/spack/linux-centos7-cascadelake/gcc-11.2.0/xz-5.2.5-ah4yqsq3h4fyip47pjw4vvv4nu3xl7qa/lib:/home/apps/spack/opt/spack/linux-centos7-cascadelake/gcc-11.2.0/libiconv-1.16-mm6aw6xtwmip37hy5h6fikz4gg3mtl4n/lib:/home/apps/spack/opt/spack/linux-centos7-haswell/gcc-4.8.5/gcc-11.2.0-yqde46ks5t2vg2szmjvadwjv6uwmmytl/lib64:/home/apps/spack/opt/spack/linux-centos7-haswell/gcc-4.8.5/gcc-11.2.0-yqde46ks5t2vg2szmjvadwjv6uwmmytl/lib:/home/apps/spack/opt/spack/linux-centos7-haswell/gcc-4.8.5/zstd-1.5.0-wzyweqguutprsdz4y7qo463s6qems3cg/lib:/home/apps/spack/opt/spack/linux-centos7-haswell/gcc-4.8.5/zlib-1.2.11-z6uqlxnwffiyq73uq23w4fyzl5fu5tlk/lib:/home/apps/spack/opt/spack/linux-centos7-haswell/gcc-4.8.5/mpc-1.1.0-eefajary4vqmefc2k7bfctquy35g2ma6/lib:/home/apps/spack/opt/spack/linux-centos7-haswell/gcc-4.8.5/mpfr-4.1.0-pk35h7mmygjfypa6yedvbfhh4hejdjef/lib:/home/apps/spack/opt/spack/linux-centos7-haswell/gcc-4.8.5/gmp-6.2.1-vhuln5lwyeuvyfmgn3mexasvykopasw6/lib:/home/apps/spack/opt/spack/linux-centos7-cascadelake/gcc-11.2.0/cuda-11.5.0-oxw5blb45zjhec53he4qhtifte3a5xhu/lib64:/home/apps/spack/opt/spack/linux-centos7-cascadelake/gcc-11.2.0/libxml2-2.9.12-kay3j2c6lwgtulz5lsosyvyv462cbzil/lib:/home/apps/spack/opt/spack/linux-centos7-cascadelake/gcc-11.2.0/zlib-1.2.11-2r3jtjxvltasn7jh64vhgfg6ikrckiy7/lib:/home/apps/spack/opt/spack/linux-centos7-cascadelake/gcc-11.2.0/xz-5.2.5-ah4yqsq3h4fyip47pjw4vvv4nu3xl7qa/lib:/home/apps/spack/opt/spack/linux-centos7-cascadelake/gcc-11.2.0/libiconv-1.16-mm6aw6xtwmip37hy5h6fikz4gg3mtl4n/lib:/home/apps/spack/opt/spack/linux-centos7-haswell/gcc-4.8.5/gcc-11.2.0-yqde46ks5t2vg2szmjvadwjv6uwmmytl/lib64:/home/apps/spack/opt/spack/linux-centos7-haswell/gcc-4.8.5/gcc-11.2.0-yqde46ks5t2vg2szmjvadwjv6uwmmytl/lib:/home/apps/spack/opt/spack/linux-centos7-haswell/gcc-4.8.5/zstd-1.5.0-wzyweqguutprsdz4y7qo463s6qems3cg/lib:/home/apps/spack/opt/spack/linux-centos7-haswell/gcc-4.8.5/zlib-1.2.11-z6uqlxnwffiyq73uq23w4fyzl5fu5tlk/lib:/home/apps/spack/opt/spack/linux-centos7-haswell/gcc-4.8.5/mpc-1.1.0-eefajary4vqmefc2k7bfctquy35g2ma6/lib:/home/apps/spack/opt/spack/linux-centos7-haswell/gcc-4.8.5/mpfr-4.1.0-pk35h7mmygjfypa6yedvbfhh4hejdjef/lib:/home/apps/spack/opt/spack/linux-centos7-haswell/gcc-4.8.5/gmp-6.2.1-vhuln5lwyeuvyfmgn3mexasvykopasw6/lib
149 [139951695218432] INFO perfrun.mrte <> - Data directory: /home/user13/swapnil/OpenMpi/Project/openaccAdvisor/e000/hs000/data.0
149 [139951695218432] INFO perfrun.mrte <> - Mrte plugin is initialized
149 [139951695218432] INFO perfrun.launcher <> - plugin [] was disabled because it doesn't support the given collection type.
149 [139951695218432] INFO perfrun.launcher <> - plugin [] was disabled because it doesn't support the given collection type.
149 [139951695218432] INFO perfrun.launcher <> - plugin [] was disabled because it doesn't support the given collection type.
149 [139951695218432] INFO perfrun.launcher <> - plugin [] was disabled because it doesn't support the given collection type.
149 [139951695218432] INFO perfrun.launcher <> - plugin [] was disabled because it doesn't support the given collection type.
149 [139951695218432] INFO perfrun.launcher <> - plugin [] was disabled because it doesn't support the given collection type.
149 [139951695218432] INFO perfrun.launcher <> - plugin [] was disabled because it doesn't support the given collection type.
149 [139951695218432] INFO perfrun.tpss <> - initialize tpss controller
149 [139951695218432] INFO perfrun.tpss <> - configure collection mode: value = cpu:stack
149 [139951695218432] INFO perfrun.tpss <> - default obj-size-min=1024
149 [139951695218432] INFO perfrun.tpss <> - default hash-table-size=0
149 [139951695218432] INFO perfrun.launcher <> - plugin [] was disabled because it doesn't support the given collection type.
149 [139951695218432] INFO perfrun.launcher <> - plugin [] was disabled because it doesn't support the given collection type.
149 [139951695218432] INFO perfrun.launcher <> - plugin [] was disabled because it doesn't support the given collection type.
149 [139951695218432] INFO perfrun.launcher <> - plugin [] was disabled because it doesn't support the given collection type.
149 [139951695218432] INFO perfrun.launcher <> - plugin [] was disabled because it doesn't support the given collection type.
149 [139951695218432] INFO perfrun.launcher <> - plugin [] was disabled because it doesn't support the given collection type.
149 [139951695218432] INFO perfrun.launcher <> - plugin [] was disabled because it doesn't support the given collection type.
149 [139951695218432] INFO perfrun.launcher <> - plugin [] was disabled because it doesn't support the given collection type.
149 [139951695218432] INFO perfrun.launcher <> - plugin [] was disabled because it doesn't support the given collection type.
150 [139951820126144] INFO perfrun.launcher <> - set environment variable: LD_LIBRARY_PATH = /opt/intel/oneapi/advisor/2023.0.0/lib32/runtime:/opt/intel/oneapi/advisor/2023.0.0/lib64/runtime:/home/apps/spack/opt/spack/linux-centos7-cascadelake/gcc-11.2.0/cuda-11.5.0-oxw5blb45zjhec53he4qhtifte3a5xhu/lib64:/home/apps/spack/opt/spack/linux-centos7-cascadelake/gcc-11.2.0/libxml2-2.9.12-kay3j2c6lwgtulz5lsosyvyv462cbzil/lib:/home/apps/spack/opt/spack/linux-centos7-cascadelake/gcc-11.2.0/zlib-1.2.11-2r3jtjxvltasn7jh64vhgfg6ikrckiy7/lib:/home/apps/spack/opt/spack/linux-centos7-cascadelake/gcc-11.2.0/xz-5.2.5-ah4yqsq3h4fyip47pjw4vvv4nu3xl7qa/lib:/home/apps/spack/opt/spack/linux-centos7-cascadelake/gcc-11.2.0/libiconv-1.16-mm6aw6xtwmip37hy5h6fikz4gg3mtl4n/lib:/home/apps/spack/opt/spack/linux-centos7-haswell/gcc-4.8.5/gcc-11.2.0-yqde46ks5t2vg2szmjvadwjv6uwmmytl/lib64:/home/apps/spack/opt/spack/linux-centos7-haswell/gcc-4.8.5/gcc-11.2.0-yqde46ks5t2vg2szmjvadwjv6uwmmytl/lib:/home/apps/spack/opt/spack/linux-centos7-haswell/gcc-4.8.5/zstd-1.5.0-wzyweqguutprsdz4y7qo463s6qems3cg/lib:/home/apps/spack/opt/spack/linux-centos7-haswell/gcc-4.8.5/zlib-1.2.11-z6uqlxnwffiyq73uq23w4fyzl5fu5tlk/lib:/home/apps/spack/opt/spack/linux-centos7-haswell/gcc-4.8.5/mpc-1.1.0-eefajary4vqmefc2k7bfctquy35g2ma6/lib:/home/apps/spack/opt/spack/linux-centos7-haswell/gcc-4.8.5/mpfr-4.1.0-pk35h7mmygjfypa6yedvbfhh4hejdjef/lib:/home/apps/spack/opt/spack/linux-centos7-haswell/gcc-4.8.5/gmp-6.2.1-vhuln5lwyeuvyfmgn3mexasvykopasw6/lib:/home/apps/spack/opt/spack/linux-centos7-cascadelake/gcc-11.2.0/cuda-11.5.0-oxw5blb45zjhec53he4qhtifte3a5xhu/lib64:/home/apps/spack/opt/spack/linux-centos7-cascadelake/gcc-11.2.0/libxml2-2.9.12-kay3j2c6lwgtulz5lsosyvyv462cbzil/lib:/home/apps/spack/opt/spack/linux-centos7-cascadelake/gcc-11.2.0/zlib-1.2.11-2r3jtjxvltasn7jh64vhgfg6ikrckiy7/lib:/home/apps/spack/opt/spack/linux-centos7-cascadelake/gcc-11.2.0/xz-5.2.5-ah4yqsq3h4fyip47pjw4vvv4nu3xl7qa/lib:/home/apps/spack/opt/spack/linux-centos7-cascadelake/gcc-11.2.0/libiconv-1.16-mm6aw6xtwmip37hy5h6fikz4gg3mtl4n/lib:/home/apps/spack/opt/spack/linux-centos7-haswell/gcc-4.8.5/gcc-11.2.0-yqde46ks5t2vg2szmjvadwjv6uwmmytl/lib64:/home/apps/spack/opt/spack/linux-centos7-haswell/gcc-4.8.5/gcc-11.2.0-yqde46ks5t2vg2szmjvadwjv6uwmmytl/lib:/home/apps/spack/opt/spack/linux-centos7-haswell/gcc-4.8.5/zstd-1.5.0-wzyweqguutprsdz4y7qo463s6qems3cg/lib:/home/apps/spack/opt/spack/linux-centos7-haswell/gcc-4.8.5/zlib-1.2.11-z6uqlxnwffiyq73uq23w4fyzl5fu5tlk/lib:/home/apps/spack/opt/spack/linux-centos7-haswell/gcc-4.8.5/mpc-1.1.0-eefajary4vqmefc2k7bfctquy35g2ma6/lib:/home/apps/spack/opt/spack/linux-centos7-haswell/gcc-4.8.5/mpfr-4.1.0-pk35h7mmygjfypa6yedvbfhh4hejdjef/lib:/home/apps/spack/opt/spack/linux-centos7-haswell/gcc-4.8.5/gmp-6.2.1-vhuln5lwyeuvyfmgn3mexasvykopasw6/lib:/home/apps/spack/opt/spack/linux-centos7-cascadelake/gcc-11.2.0/cuda-11.5.0-oxw5blb45zjhec53he4qhtifte3a5xhu/lib64:/home/apps/spack/opt/spack/linux-centos7-cascadelake/gcc-11.2.0/libxml2-2.9.12-kay3j2c6lwgtulz5lsosyvyv462cbzil/lib:/home/apps/spack/opt/spack/linux-centos7-cascadelake/gcc-11.2.0/zlib-1.2.11-2r3jtjxvltasn7jh64vhgfg6ikrckiy7/lib:/home/apps/spack/opt/spack/linux-centos7-cascadelake/gcc-11.2.0/xz-5.2.5-ah4yqsq3h4fyip47pjw4vvv4nu3xl7qa/lib:/home/apps/spack/opt/spack/linux-centos7-cascadelake/gcc-11.2.0/libiconv-1.16-mm6aw6xtwmip37hy5h6fikz4gg3mtl4n/lib:/home/apps/spack/opt/spack/linux-centos7-haswell/gcc-4.8.5/gcc-11.2.0-yqde46ks5t2vg2szmjvadwjv6uwmmytl/lib64:/home/apps/spack/opt/spack/linux-centos7-haswell/gcc-4.8.5/gcc-11.2.0-yqde46ks5t2vg2szmjvadwjv6uwmmytl/lib:/home/apps/spack/opt/spack/linux-centos7-haswell/gcc-4.8.5/zstd-1.5.0-wzyweqguutprsdz4y7qo463s6qems3cg/lib:/home/apps/spack/opt/spack/linux-centos7-haswell/gcc-4.8.5/zlib-1.2.11-z6uqlxnwffiyq73uq23w4fyzl5fu5tlk/lib:/home/apps/spack/opt/spack/linux-centos7-haswell/gcc-4.8.5/mpc-1.1.0-eefajary4vqmefc2k7bfctquy35g2ma6/lib:/home/apps/spack/opt/spack/linux-centos7-haswell/gcc-4.8.5/mpfr-4.1.0-pk35h7mmygjfypa6yedvbfhh4hejdjef/lib:/home/apps/spack/opt/spack/linux-centos7-haswell/gcc-4.8.5/gmp-6.2.1-vhuln5lwyeuvyfmgn3mexasvykopasw6/lib
150 [139951820126144] INFO perfrun.launcher <> - set environment variable: INTEL_LIBITTNOTIFY32 = /opt/intel/oneapi/advisor/2023.0.0/lib32/runtime/libittnotify_collector.so
150 [139951820126144] INFO perfrun.launcher <> - set environment variable: INTEL_LIBITTNOTIFY64 = /opt/intel/oneapi/advisor/2023.0.0/lib64/runtime/libittnotify_collector.so
150 [139951820126144] INFO perfrun.launcher <> - set environment variable: INTEL_ITTNOTIFY_GROUPS = 
150 [139951820126144] INFO perfrun.launcher <> - set environment variable: INTEL_JIT_PROFILER32 = /opt/intel/oneapi/advisor/2023.0.0/lib32/runtime/libittnotify_collector.so
150 [139951820126144] INFO perfrun.launcher <> - set environment variable: INTEL_JIT_PROFILER64 = /opt/intel/oneapi/advisor/2023.0.0/lib64/runtime/libittnotify_collector.so
150 [139951820126144] INFO perfrun.launcher <> - set environment variable: OMP_TOOL_LIBRARIES = /opt/intel/oneapi/advisor/2023.0.0/lib32/runtime/libittnotify_collector.so:/opt/intel/oneapi/advisor/2023.0.0/lib64/runtime/libittnotify_collector.so
150 [139951820126144] INFO perfrun.launcher <> - set environment variable: ENABLE_JITPROFILING = 1
150 [139951820126144] INFO perfrun.launcher <> - set environment variable: CL_CONFIG_USE_VTUNE = True
150 [139951820126144] INFO perfrun.launcher <> - set environment variable: KMP_FORKJOIN_FRAMES = 0
150 [139951820126144] INFO perfrun.launcher <> - set environment variable: KMP_FORKJOIN_FRAMES_MODE = 0
150 [139951820126144] INFO perfrun.launcher <> - set environment variable: OMP_TOOL = disabled
150 [139951820126144] INFO perfrun.launcher <> - set environment variable: INTEL_MRTE_DATA_DIR = /home/user13/swapnil/OpenMpi/Project/openaccAdvisor/e000/hs000/data.0
151 [139951820126144] INFO perfrun.launcher <> - set environment variable: INTEL_MRTE_HOST_NAME = shavak
151 [139951820126144] INFO perfrun.launcher <> - set environment variable: JAVA_TOOL_OPTIONS = -agentlib:advixe_tpssmrte_javaprof_1.0 -Dsun.boot.library.path=/opt/intel/oneapi/advisor/2023.0.0/lib32/runtime:/opt/intel/oneapi/advisor/2023.0.0/lib64/runtime
151 [139951820126144] INFO perfrun.launcher <> - set environment variable: LD_LIBRARY_PATH = /opt/intel/oneapi/advisor/2023.0.0/lib32/runtime:/opt/intel/oneapi/advisor/2023.0.0/lib64/runtime:/home/apps/spack/opt/spack/linux-centos7-cascadelake/gcc-11.2.0/cuda-11.5.0-oxw5blb45zjhec53he4qhtifte3a5xhu/lib64:/home/apps/spack/opt/spack/linux-centos7-cascadelake/gcc-11.2.0/libxml2-2.9.12-kay3j2c6lwgtulz5lsosyvyv462cbzil/lib:/home/apps/spack/opt/spack/linux-centos7-cascadelake/gcc-11.2.0/zlib-1.2.11-2r3jtjxvltasn7jh64vhgfg6ikrckiy7/lib:/home/apps/spack/opt/spack/linux-centos7-cascadelake/gcc-11.2.0/xz-5.2.5-ah4yqsq3h4fyip47pjw4vvv4nu3xl7qa/lib:/home/apps/spack/opt/spack/linux-centos7-cascadelake/gcc-11.2.0/libiconv-1.16-mm6aw6xtwmip37hy5h6fikz4gg3mtl4n/lib:/home/apps/spack/opt/spack/linux-centos7-haswell/gcc-4.8.5/gcc-11.2.0-yqde46ks5t2vg2szmjvadwjv6uwmmytl/lib64:/home/apps/spack/opt/spack/linux-centos7-haswell/gcc-4.8.5/gcc-11.2.0-yqde46ks5t2vg2szmjvadwjv6uwmmytl/lib:/home/apps/spack/opt/spack/linux-centos7-haswell/gcc-4.8.5/zstd-1.5.0-wzyweqguutprsdz4y7qo463s6qems3cg/lib:/home/apps/spack/opt/spack/linux-centos7-haswell/gcc-4.8.5/zlib-1.2.11-z6uqlxnwffiyq73uq23w4fyzl5fu5tlk/lib:/home/apps/spack/opt/spack/linux-centos7-haswell/gcc-4.8.5/mpc-1.1.0-eefajary4vqmefc2k7bfctquy35g2ma6/lib:/home/apps/spack/opt/spack/linux-centos7-haswell/gcc-4.8.5/mpfr-4.1.0-pk35h7mmygjfypa6yedvbfhh4hejdjef/lib:/home/apps/spack/opt/spack/linux-centos7-haswell/gcc-4.8.5/gmp-6.2.1-vhuln5lwyeuvyfmgn3mexasvykopasw6/lib:/home/apps/spack/opt/spack/linux-centos7-cascadelake/gcc-11.2.0/cuda-11.5.0-oxw5blb45zjhec53he4qhtifte3a5xhu/lib64:/home/apps/spack/opt/spack/linux-centos7-cascadelake/gcc-11.2.0/libxml2-2.9.12-kay3j2c6lwgtulz5lsosyvyv462cbzil/lib:/home/apps/spack/opt/spack/linux-centos7-cascadelake/gcc-11.2.0/zlib-1.2.11-2r3jtjxvltasn7jh64vhgfg6ikrckiy7/lib:/home/apps/spack/opt/spack/linux-centos7-cascadelake/gcc-11.2.0/xz-5.2.5-ah4yqsq3h4fyip47pjw4vvv4nu3xl7qa/lib:/home/apps/spack/opt/spack/linux-centos7-cascadelake/gcc-11.2.0/libiconv-1.16-mm6aw6xtwmip37hy5h6fikz4gg3mtl4n/lib:/home/apps/spack/opt/spack/linux-centos7-haswell/gcc-4.8.5/gcc-11.2.0-yqde46ks5t2vg2szmjvadwjv6uwmmytl/lib64:/home/apps/spack/opt/spack/linux-centos7-haswell/gcc-4.8.5/gcc-11.2.0-yqde46ks5t2vg2szmjvadwjv6uwmmytl/lib:/home/apps/spack/opt/spack/linux-centos7-haswell/gcc-4.8.5/zstd-1.5.0-wzyweqguutprsdz4y7qo463s6qems3cg/lib:/home/apps/spack/opt/spack/linux-centos7-haswell/gcc-4.8.5/zlib-1.2.11-z6uqlxnwffiyq73uq23w4fyzl5fu5tlk/lib:/home/apps/spack/opt/spack/linux-centos7-haswell/gcc-4.8.5/mpc-1.1.0-eefajary4vqmefc2k7bfctquy35g2ma6/lib:/home/apps/spack/opt/spack/linux-centos7-haswell/gcc-4.8.5/mpfr-4.1.0-pk35h7mmygjfypa6yedvbfhh4hejdjef/lib:/home/apps/spack/opt/spack/linux-centos7-haswell/gcc-4.8.5/gmp-6.2.1-vhuln5lwyeuvyfmgn3mexasvykopasw6/lib:/home/apps/spack/opt/spack/linux-centos7-cascadelake/gcc-11.2.0/cuda-11.5.0-oxw5blb45zjhec53he4qhtifte3a5xhu/lib64:/home/apps/spack/opt/spack/linux-centos7-cascadelake/gcc-11.2.0/libxml2-2.9.12-kay3j2c6lwgtulz5lsosyvyv462cbzil/lib:/home/apps/spack/opt/spack/linux-centos7-cascadelake/gcc-11.2.0/zlib-1.2.11-2r3jtjxvltasn7jh64vhgfg6ikrckiy7/lib:/home/apps/spack/opt/spack/linux-centos7-cascadelake/gcc-11.2.0/xz-5.2.5-ah4yqsq3h4fyip47pjw4vvv4nu3xl7qa/lib:/home/apps/spack/opt/spack/linux-centos7-cascadelake/gcc-11.2.0/libiconv-1.16-mm6aw6xtwmip37hy5h6fikz4gg3mtl4n/lib:/home/apps/spack/opt/spack/linux-centos7-haswell/gcc-4.8.5/gcc-11.2.0-yqde46ks5t2vg2szmjvadwjv6uwmmytl/lib64:/home/apps/spack/opt/spack/linux-centos7-haswell/gcc-4.8.5/gcc-11.2.0-yqde46ks5t2vg2szmjvadwjv6uwmmytl/lib:/home/apps/spack/opt/spack/linux-centos7-haswell/gcc-4.8.5/zstd-1.5.0-wzyweqguutprsdz4y7qo463s6qems3cg/lib:/home/apps/spack/opt/spack/linux-centos7-haswell/gcc-4.8.5/zlib-1.2.11-z6uqlxnwffiyq73uq23w4fyzl5fu5tlk/lib:/home/apps/spack/opt/spack/linux-centos7-haswell/gcc-4.8.5/mpc-1.1.0-eefajary4vqmefc2k7bfctquy35g2ma6/lib:/home/apps/spack/opt/spack/linux-centos7-haswell/gcc-4.8.5/mpfr-4.1.0-pk35h7mmygjfypa6yedvbfhh4hejdjef/lib:/home/apps/spack/opt/spack/linux-centos7-haswell/gcc-4.8.5/gmp-6.2.1-vhuln5lwyeuvyfmgn3mexasvykopasw6/lib
151 [139951820126144] INFO perfrun.launcher <> - RpcServer: run RPC server to handle requests
152 [139951820126144] INFO perfrun.launcher <> - Launcher: command line to start before modification = /home/user13/swapnil/OpenMpi/Project/openacc_monte_carlo_barrier_option
152 [139951820126144] INFO perfrun.launcher <> - Launcher: command line to start after modification = /opt/intel/oneapi/advisor/2023.0.0/bin64/pin -error_file /home/user13/swapnil/OpenMpi/Project/openaccAdvisor/e000/hs000/data.0/pinerr.tpsslog -detach_reattach -follow_execv -tool_load_option deepbind -t64 /opt/intel/oneapi/advisor/2023.0.0/lib64/libtpsstool.so -t /opt/intel/oneapi/advisor/2023.0.0/lib32/libtpsstool.so -server_name tpss_ipc.118337 -prd_dir /opt/intel/oneapi/advisor/2023.0.0 -- /home/user13/swapnil/OpenMpi/Project/openacc_monte_carlo_barrier_option
152 [139951820126144] INFO perfrun.launcher <> - ProcessCreator object was created
153 [139951820126144] INFO perfrun.launcher <> - Launcher: the process was started in suspend mode
160 [139951695218432] WARN perfrun.system <> - Could not do anything with /sys/kernel/debug/kvm: boost::filesystem::status: Permission denied: "/sys/kernel/debug/kvm", at file: vcs/perfrun1/plugins/system/src/trace_writer.cpp:787
165 [139951695218432] WARN perfrun.sdk <> - SEP tool is not available, at file: vcs/perfrun1/plugins/pluginsdk/src/device_mapper.cpp:590
165 [139951695218432] WARN perfrun.sdk <> - SEP driver is not available, at file: vcs/perfrun1/plugins/pluginsdk/src/device_mapper.cpp:745
165 [139951695218432] WARN perfrun.sdk <> - amplxe-perf tool is not available, at file: vcs/perfrun1/plugins/pluginsdk/src/device_mapper.cpp:606
165 [139951695218432] WARN perfrun.sdk <> - Device mapping through perf is not available on current kernel, at file: vcs/perfrun1/plugins/pluginsdk/src/device_mapper.cpp:943
168 [139951695218432] WARN perfrun.sdk <> - SEP tool is not available, at file: vcs/perfrun1/plugins/pluginsdk/src/device_mapper.cpp:590
168 [139951695218432] WARN perfrun.sdk <> - SEP driver is not available, at file: vcs/perfrun1/plugins/pluginsdk/src/device_mapper.cpp:745
168 [139951695218432] WARN perfrun.sdk <> - Failed to find xl binary on any of the system paths: /bin, /sbin, /usr/bin, /usr/sbin., at file: vcs/perfrun1/sdk/src/utils.cpp:204
172 [139951695218432] INFO perfrun.vdso <> - Helper runtool '/opt/intel/oneapi/advisor/2023.0.0/bin32/advixe-runss -dump-vdso -r /home/user13/swapnil/OpenMpi/Project/openaccAdvisor/e000/hs000 --tmp-dir /tmp/advixe-tmp-user13' returned 1
322 [139951695218432] INFO perfrun.vdso <> - Helper runtool '/opt/intel/oneapi/advisor/2023.0.0/bin64/advixe-runss -dump-vdso -r /home/user13/swapnil/OpenMpi/Project/openaccAdvisor/e000/hs000 --tmp-dir /tmp/advixe-tmp-user13' returned 0
322 [139951695218432] INFO perfrun.itt <> - start itt controller for pid #118342
322 [139951695218432] INFO perfrun.tpss <> - start tpss controller for pid #118342
373 [139951820126144] INFO perfrun.launcher <> - Launcher: all plugins were started
373 [139951820126144] INFO perfrun.launcher <> - DirectoryMonitor object was created
373 [139951820126144] INFO perfrun.launcher <> - DirectoryMonitor: a callback was added
373 [139951820126144] INFO perfrun.launcher <> - DirectoryMonitor was started with pingTime = 1000
373 [139951820126144] INFO perfrun.launcher <> - DeadlineTimer is going to be constructed
374 [139951820126144] INFO perfrun.launcher <> - DeadlineTimer: a callback was added
385 [139951820126144] INFO perfrun.launcher <> - Launcher: resume the profiled application and  wait its termination or stop command
69787 [139951820126144] INFO perfrun.launcher <> - Launcher: the profiled application was terminated  with exit code = 0
69797 [139951695218432] INFO perfrun.itt <> - detach itt controller
69797 [139951695218432] INFO perfrun.itt <> - detach itt controller done
69797 [139951695218432] INFO perfrun.tpss <> - stop tpss controller
69798 [139951695218432] INFO perfrun.sdk <> - De-allocating TMU: /home/user13/swapnil/OpenMpi/Project/openaccAdvisor/e000/hs000/data.0/systemcollector-118337-shavak.sc
69798 [139951695218432] INFO perfrun.system <> - closed the system trace file: /home/user13/swapnil/OpenMpi/Project/openaccAdvisor/e000/hs000/data.0/systemcollector-118337-shavak.sc
69798 [139951820126144] INFO perfrun.launcher <> - Launcher: all plugins were stopped.
69798 [139951820126144] INFO perfrun.launcher <> - DeadlineTimer is going to be destroyed
69799 [139951820126144] INFO perfrun.launcher <> - DeadlineTimer was destroyed
69799 [139951820126144] INFO perfrun.launcher <> - DirectoryMonitor object was destroyed
69799 [139951820126144] WARN perfrun.launcher <> - Stop command is ignored because it is received when collection is already stopped, at file: vcs/perfrun1/launcher/src/command_handler.cpp:226
69799 [139951820126144] INFO perfrun.launcher <> - Application exit code: 0
69799 [139951820126144] INFO perfrun.launcher <> - Exit code: 0
