11 [140615063488448] INFO perfrun.launcher <> - Launcher main begin
12 [140615063488448] INFO perfrun.launcher <> - MessageCatalogInit finished
12 [140615063488448] INFO perfrun.launcher <> - Launcher instance created
12 [140615063488448] INFO perfrun.launcher <> - argc = 6; cmdline = /opt/intel/oneapi/advisor/2023.0.0/bin64/advixe-runss -dump-vdso -r /home/user13/swapnil/OpenMpi/Project/openaccAdvisor/e000/hs000 --tmp-dir /tmp/advixe-tmp-user13 
83 [140615063488448] INFO perfrun.launcher <> - create msngr2::ICliToolContext
84 [140615063488448] INFO perfrun.launcher <> - create file finder object
97 [140614938580736] INFO perfrun.launcher <> - plugin [remoteplug] was disabled because it doesn't support the given collection type.
97 [140614938580736] INFO perfrun.launcher <> - plugin [system] was disabled because it doesn't support the given collection type.
98 [140614938580736] INFO perfrun.vdso <> - dumping [vdso] pseudomodule
110 [140614938580736] INFO perfrun.launcher <> - plugin [itt] was disabled because it doesn't support the given collection type.
110 [140614938580736] INFO perfrun.launcher <> - plugin [] was disabled because it doesn't support the given collection type.
110 [140614938580736] INFO perfrun.launcher <> - plugin [gpu] was disabled because it doesn't support the given collection type.
110 [140614938580736] INFO perfrun.launcher <> - plugin [] was disabled because it doesn't support the given collection type.
110 [140614938580736] INFO perfrun.launcher <> - plugin [] was disabled because it doesn't support the given collection type.
110 [140614938580736] INFO perfrun.launcher <> - plugin [] was disabled because it doesn't support the given collection type.
110 [140614938580736] INFO perfrun.launcher <> - plugin [mrte] was disabled because it doesn't support the given collection type.
110 [140614938580736] INFO perfrun.launcher <> - plugin [] was disabled because it doesn't support the given collection type.
110 [140614938580736] INFO perfrun.launcher <> - plugin [] was disabled because it doesn't support the given collection type.
110 [140614938580736] INFO perfrun.launcher <> - plugin [] was disabled because it doesn't support the given collection type.
110 [140614938580736] INFO perfrun.launcher <> - plugin [] was disabled because it doesn't support the given collection type.
110 [140614938580736] INFO perfrun.launcher <> - plugin [] was disabled because it doesn't support the given collection type.
110 [140614938580736] INFO perfrun.launcher <> - plugin [] was disabled because it doesn't support the given collection type.
110 [140614938580736] INFO perfrun.launcher <> - plugin [] was disabled because it doesn't support the given collection type.
110 [140614938580736] INFO perfrun.launcher <> - plugin [tpss] was disabled because it doesn't support the given collection type.
110 [140614938580736] INFO perfrun.launcher <> - plugin [] was disabled because it doesn't support the given collection type.
110 [140614938580736] INFO perfrun.launcher <> - plugin [] was disabled because it doesn't support the given collection type.
110 [140614938580736] INFO perfrun.launcher <> - plugin [] was disabled because it doesn't support the given collection type.
110 [140614938580736] INFO perfrun.launcher <> - plugin [] was disabled because it doesn't support the given collection type.
110 [140614938580736] INFO perfrun.launcher <> - plugin [] was disabled because it doesn't support the given collection type.
110 [140614938580736] INFO perfrun.launcher <> - plugin [] was disabled because it doesn't support the given collection type.
110 [140614938580736] INFO perfrun.launcher <> - plugin [] was disabled because it doesn't support the given collection type.
110 [140614938580736] INFO perfrun.launcher <> - plugin [] was disabled because it doesn't support the given collection type.
110 [140614938580736] INFO perfrun.launcher <> - plugin [] was disabled because it doesn't support the given collection type.
111 [140615063488448] INFO perfrun.launcher <> - Application exit code: 0
111 [140615063488448] INFO perfrun.launcher <> - Exit code: 0
